<?xml version="1.0" encoding="utf-8"?><testsuites name="pytest tests"><testsuite name="pytest" errors="0" failures="1" skipped="0" tests="1" time="0.192" timestamp="2025-09-27T17:16:57.884557+01:00" hostname="Gregs-PC1"><testcase classname="tests.smoke.test_smoke_summary_cli" name="test_cli_prints_table" time="0.078"><failure message="subprocess.CalledProcessError: Command '['C:\\_Repos\\PersistentAssistant\\.venv\\Scripts\\python.exe', 'tools/py/smoke_summary_cli.py', '--dev-steps', 'C:\\Users\\GPRap\\AppData\\Local\\Temp\\pytest-of-GPRap\\pytest-121\\test_cli_prints_table0\\dev_steps']' returned non-zero exit status 1.">tmp_path = WindowsPath('C:/Users/GPRap/AppData/Local/Temp/pytest-of-GPRap/pytest-121/test_cli_prints_table0')

    def test_cli_prints_table(tmp_path):
        res = tmp_path/'dev_steps'/'PA-999'/'results'; res.mkdir(parents=True)
        (res/'junit_1.xml').write_text('&lt;testsuite tests="1" failures="0" errors="0" skipped="0"&gt;&lt;/testsuite&gt;', encoding='utf-8')
&gt;       out = subprocess.check_output([sys.executable,'tools/py/smoke_summary_cli.py','--dev-steps', str(tmp_path/'dev_steps')], text=True)
              ^^^^^^^^^^^^^^^^^^^^^^^^^^^^^^^^^^^^^^^^^^^^^^^^^^^^^^^^^^^^^^^^^^^^^^^^^^^^^^^^^^^^^^^^^^^^^^^^^^^^^^^^^^^^^^^^^^^^^^^^^^^^^

tests\smoke\test_smoke_summary_cli.py:6: 
_ _ _ _ _ _ _ _ _ _ _ _ _ _ _ _ _ _ _ _ _ _ _ _ _ _ _ _ _ _ _ _ _ _ _ _ _ _ _ _
C:\Users\GPRap\AppData\Local\Programs\Python\Python313\Lib\subprocess.py:472: in check_output
    return run(*popenargs, stdout=PIPE, timeout=timeout, check=True,
_ _ _ _ _ _ _ _ _ _ _ _ _ _ _ _ _ _ _ _ _ _ _ _ _ _ _ _ _ _ _ _ _ _ _ _ _ _ _ _

input = None, capture_output = False, timeout = None, check = True
popenargs = (['C:\\_Repos\\PersistentAssistant\\.venv\\Scripts\\python.exe', 'tools/py/smoke_summary_cli.py', '--dev-steps', 'C:\\Users\\GPRap\\AppData\\Local\\Temp\\pytest-of-GPRap\\pytest-121\\test_cli_prints_table0\\dev_steps'],)
kwargs = {'stdout': -1, 'text': True}
process = &lt;Popen: returncode: 1 args: ['C:\\_Repos\\PersistentAssistant\\.venv\\Script...&gt;
stdout = '', stderr = None, retcode = 1

    def run(*popenargs,
            input=None, capture_output=False, timeout=None, check=False, **kwargs):
        """Run command with arguments and return a CompletedProcess instance.
    
        The returned instance will have attributes args, returncode, stdout and
        stderr. By default, stdout and stderr are not captured, and those attributes
        will be None. Pass stdout=PIPE and/or stderr=PIPE in order to capture them,
        or pass capture_output=True to capture both.
    
        If check is True and the exit code was non-zero, it raises a
        CalledProcessError. The CalledProcessError object will have the return code
        in the returncode attribute, and output &amp; stderr attributes if those streams
        were captured.
    
        If timeout (seconds) is given and the process takes too long,
         a TimeoutExpired exception will be raised.
    
        There is an optional argument "input", allowing you to
        pass bytes or a string to the subprocess's stdin.  If you use this argument
        you may not also use the Popen constructor's "stdin" argument, as
        it will be used internally.
    
        By default, all communication is in bytes, and therefore any "input" should
        be bytes, and the stdout and stderr will be bytes. If in text mode, any
        "input" should be a string, and stdout and stderr will be strings decoded
        according to locale encoding, or by "encoding" if set. Text mode is
        triggered by setting any of text, encoding, errors or universal_newlines.
    
        The other arguments are the same as for the Popen constructor.
        """
        if input is not None:
            if kwargs.get('stdin') is not None:
                raise ValueError('stdin and input arguments may not both be used.')
            kwargs['stdin'] = PIPE
    
        if capture_output:
            if kwargs.get('stdout') is not None or kwargs.get('stderr') is not None:
                raise ValueError('stdout and stderr arguments may not be used '
                                 'with capture_output.')
            kwargs['stdout'] = PIPE
            kwargs['stderr'] = PIPE
    
        with Popen(*popenargs, **kwargs) as process:
            try:
                stdout, stderr = process.communicate(input, timeout=timeout)
            except TimeoutExpired as exc:
                process.kill()
                if _mswindows:
                    # Windows accumulates the output in a single blocking
                    # read() call run on child threads, with the timeout
                    # being done in a join() on those threads.  communicate()
                    # _after_ kill() is required to collect that and add it
                    # to the exception.
                    exc.stdout, exc.stderr = process.communicate()
                else:
                    # POSIX _communicate already populated the output so
                    # far into the TimeoutExpired exception.
                    process.wait()
                raise
            except:  # Including KeyboardInterrupt, communicate handled that.
                process.kill()
                # We don't call process.wait() as .__exit__ does that for us.
                raise
            retcode = process.poll()
            if check and retcode:
&gt;               raise CalledProcessError(retcode, process.args,
                                         output=stdout, stderr=stderr)
E               subprocess.CalledProcessError: Command '['C:\\_Repos\\PersistentAssistant\\.venv\\Scripts\\python.exe', 'tools/py/smoke_summary_cli.py', '--dev-steps', 'C:\\Users\\GPRap\\AppData\\Local\\Temp\\pytest-of-GPRap\\pytest-121\\test_cli_prints_table0\\dev_steps']' returned non-zero exit status 1.

C:\Users\GPRap\AppData\Local\Programs\Python\Python313\Lib\subprocess.py:577: CalledProcessError</failure></testcase></testsuite></testsuites>