<?xml version="1.0" encoding="utf-8"?><testsuites name="pytest tests"><testsuite name="pytest" errors="0" failures="1" skipped="0" tests="1" time="0.178" timestamp="2025-09-27T18:32:01.552420+01:00" hostname="Gregs-PC1"><testcase classname="tests.smoke.test_email_watcher_imports" name="test_email_watcher_imports" time="0.096"><failure message="assert 2 == 0">tmp_path = WindowsPath('C:/Users/GPRap/AppData/Local/Temp/pytest-of-GPRap/pytest-130/test_email_watcher_imports0')

    def test_email_watcher_imports(tmp_path):
        (tmp_path/'.git').mkdir()
        env=dict(os.environ); env['PA_DRY_RUN']='1'
        code = subprocess.call([sys.executable,'tools/py/email_watcher.py','--process-local','--repo-root', str(tmp_path)], cwd=tmp_path, env=env)
&gt;       assert code==0
E       assert 2 == 0

tests\smoke\test_email_watcher_imports.py:7: AssertionError</failure></testcase></testsuite></testsuites>