<?xml version="1.0" encoding="utf-8"?><testsuites name="pytest tests"><testsuite name="pytest" errors="0" failures="0" skipped="0" tests="3" time="0.134" timestamp="2025-09-27T12:03:29.497622+01:00" hostname="Gregs-PC1"><testcase classname="tests.smoke.test_devstep_schema_structure" name="test_dev_step_min_fields" time="0.002" /><testcase classname="tests.smoke.test_devstep_schema_structure" name="test_manifest_min_shape" time="0.001" /><testcase classname="tests.smoke.test_plan_includes_devsteps" name="test_plan_has_all_ids" time="0.077" /></testsuite></testsuites>